[2014-10-13 10:35:53] alias_create_exceute
alias_create_exceute () 
{ 
    for _path in "$rvm_rubies_path" "$rvm_environments_path" "$rvm_wrappers_path";
    do
        if [[ -L "$_path/$alias_name" ]]; then
            \command \rm -fv "$_path/$alias_name" || return $?;
        fi;
        \command \ln -fs "$_path/$rvm_ruby_string" "$_path/$alias_name" || return $?;
    done;
    __rvm_db_ "$rvm_path/config/alias" "$alias_name" "$rvm_ruby_string"
}
current path: /home/junghwan
GEM_HOME=/home/junghwan/.rvm/gems/ruby-2.0.0-p576
PATH=/home/junghwan/.rvm/gems/ruby-2.0.0-p576/bin:/home/junghwan/.rvm/gems/ruby-2.0.0-p576@global/bin:/home/junghwan/.rvm/rubies/ruby-2.0.0-p576/bin:/home/junghwan/.rvm/bin:/usr/local/sbin:/usr/local/bin:/usr/sbin:/usr/bin:/sbin:/bin:/usr/games:/usr/local/games
GEM_PATH=/home/junghwan/.rvm/gems/ruby-2.0.0-p576:/home/junghwan/.rvm/gems/ruby-2.0.0-p576@global
command(1): alias_create_exceute
+ for _path in '"$rvm_rubies_path"' '"$rvm_environments_path"' '"$rvm_wrappers_path"'
+ [[ -L /home/junghwan/.rvm/rubies/default ]]
+ command ln -fs /home/junghwan/.rvm/rubies/ruby-2.0.0-p576 /home/junghwan/.rvm/rubies/default
+ ln -fs /home/junghwan/.rvm/rubies/ruby-2.0.0-p576 /home/junghwan/.rvm/rubies/default
+ for _path in '"$rvm_rubies_path"' '"$rvm_environments_path"' '"$rvm_wrappers_path"'
+ [[ -L /home/junghwan/.rvm/environments/default ]]
+ command ln -fs /home/junghwan/.rvm/environments/ruby-2.0.0-p576 /home/junghwan/.rvm/environments/default
+ ln -fs /home/junghwan/.rvm/environments/ruby-2.0.0-p576 /home/junghwan/.rvm/environments/default
+ for _path in '"$rvm_rubies_path"' '"$rvm_environments_path"' '"$rvm_wrappers_path"'
+ [[ -L /home/junghwan/.rvm/wrappers/default ]]
+ command ln -fs /home/junghwan/.rvm/wrappers/ruby-2.0.0-p576 /home/junghwan/.rvm/wrappers/default
+ ln -fs /home/junghwan/.rvm/wrappers/ruby-2.0.0-p576 /home/junghwan/.rvm/wrappers/default
+ __rvm_db_ /home/junghwan/.rvm/config/alias default ruby-2.0.0-p576
+ typeset __db __key __value
+ __db=/home/junghwan/.rvm/config/alias
+ __key=default
+ shift 2
+ __value=ruby-2.0.0-p576
+ case "${__value}" in
+ __rvm_db_add /home/junghwan/.rvm/config/alias default ruby-2.0.0-p576
+ typeset __dir=/home/junghwan/.rvm/config
+ [[ -f /home/junghwan/.rvm/config/alias ]]
+ __rvm_db_remove /home/junghwan/.rvm/config/alias default
+ [[ -f /home/junghwan/.rvm/config/alias ]]
+ __rvm_sed -e '\#^default=# d' -e '/^$/d' /home/junghwan/.rvm/config/alias
+ sed -e '\#^default=# d' -e '/^$/d' /home/junghwan/.rvm/config/alias
+ command mv -f /home/junghwan/.rvm/config/alias.new /home/junghwan/.rvm/config/alias
+ mv -f /home/junghwan/.rvm/config/alias.new /home/junghwan/.rvm/config/alias
+ printf '%b=%b\n' default ruby-2.0.0-p576
